Performing C SOURCE FILE Test HAVE_GCC_PREFERRED_STACK_BOUNDARY failed with the following output:
Change Dir: /home/gaugamela/VSCodeProjects/Telos/build/CMakeFiles/CMakeTmp

Run Build Command(s):/usr/bin/gmake -f Makefile cmTC_01c39/fast && /usr/bin/gmake  -f CMakeFiles/cmTC_01c39.dir/build.make CMakeFiles/cmTC_01c39.dir/build
gmake[1]: Entering directory '/home/gaugamela/VSCodeProjects/Telos/build/CMakeFiles/CMakeTmp'
Building C object CMakeFiles/cmTC_01c39.dir/src.c.o
/usr/bin/cc -DHAVE_GCC_PREFERRED_STACK_BOUNDARY  -idirafter "/home/gaugamela/VSCodeProjects/Telos/lib/SDL2/src/video/khronos" -mpreferred-stack-boundary=2 -o CMakeFiles/cmTC_01c39.dir/src.c.o -c /home/gaugamela/VSCodeProjects/Telos/build/CMakeFiles/CMakeTmp/src.c
cc1: error: ‘-mpreferred-stack-boundary=2’ is not between 3 and 12
gmake[1]: *** [CMakeFiles/cmTC_01c39.dir/build.make:78: CMakeFiles/cmTC_01c39.dir/src.c.o] Error 1
gmake[1]: Leaving directory '/home/gaugamela/VSCodeProjects/Telos/build/CMakeFiles/CMakeTmp'
gmake: *** [Makefile:127: cmTC_01c39/fast] Error 2


Source file was:
int x = 0; int main(int argc, char **argv) { return 0; }
Performing C SOURCE FILE Test HAVE_ALTIVEC_H_HDR failed with the following output:
Change Dir: /home/gaugamela/VSCodeProjects/Telos/build/CMakeFiles/CMakeTmp

Run Build Command(s):/usr/bin/gmake -f Makefile cmTC_78571/fast && /usr/bin/gmake  -f CMakeFiles/cmTC_78571.dir/build.make CMakeFiles/cmTC_78571.dir/build
gmake[1]: Entering directory '/home/gaugamela/VSCodeProjects/Telos/build/CMakeFiles/CMakeTmp'
Building C object CMakeFiles/cmTC_78571.dir/src.c.o
/usr/bin/cc -DHAVE_ALTIVEC_H_HDR  -idirafter "/home/gaugamela/VSCodeProjects/Telos/lib/SDL2/src/video/khronos" -maltivec -o CMakeFiles/cmTC_78571.dir/src.c.o -c /home/gaugamela/VSCodeProjects/Telos/build/CMakeFiles/CMakeTmp/src.c
cc: error: unrecognized command-line option ‘-maltivec’
gmake[1]: *** [CMakeFiles/cmTC_78571.dir/build.make:78: CMakeFiles/cmTC_78571.dir/src.c.o] Error 1
gmake[1]: Leaving directory '/home/gaugamela/VSCodeProjects/Telos/build/CMakeFiles/CMakeTmp'
gmake: *** [Makefile:127: cmTC_78571/fast] Error 2


Source file was:

          #include <altivec.h>
          vector unsigned int vzero() {
              return vec_splat_u32(0);
          }
          int main(int argc, char **argv) { return 0; }
Performing C SOURCE FILE Test HAVE_ALTIVEC failed with the following output:
Change Dir: /home/gaugamela/VSCodeProjects/Telos/build/CMakeFiles/CMakeTmp

Run Build Command(s):/usr/bin/gmake -f Makefile cmTC_125a3/fast && /usr/bin/gmake  -f CMakeFiles/cmTC_125a3.dir/build.make CMakeFiles/cmTC_125a3.dir/build
gmake[1]: Entering directory '/home/gaugamela/VSCodeProjects/Telos/build/CMakeFiles/CMakeTmp'
Building C object CMakeFiles/cmTC_125a3.dir/src.c.o
/usr/bin/cc -DHAVE_ALTIVEC  -idirafter "/home/gaugamela/VSCodeProjects/Telos/lib/SDL2/src/video/khronos" -maltivec -o CMakeFiles/cmTC_125a3.dir/src.c.o -c /home/gaugamela/VSCodeProjects/Telos/build/CMakeFiles/CMakeTmp/src.c
cc: error: unrecognized command-line option ‘-maltivec’
gmake[1]: *** [CMakeFiles/cmTC_125a3.dir/build.make:78: CMakeFiles/cmTC_125a3.dir/src.c.o] Error 1
gmake[1]: Leaving directory '/home/gaugamela/VSCodeProjects/Telos/build/CMakeFiles/CMakeTmp'
gmake: *** [Makefile:127: cmTC_125a3/fast] Error 2


Source file was:

          vector unsigned int vzero() {
              return vec_splat_u32(0);
          }
          int main(int argc, char **argv) { return 0; }
Determining if the include file libunwind.h exists failed with the following output:
Change Dir: /home/gaugamela/VSCodeProjects/Telos/build/CMakeFiles/CMakeTmp

Run Build Command(s):/usr/bin/gmake -f Makefile cmTC_1ac16/fast && /usr/bin/gmake  -f CMakeFiles/cmTC_1ac16.dir/build.make CMakeFiles/cmTC_1ac16.dir/build
gmake[1]: Entering directory '/home/gaugamela/VSCodeProjects/Telos/build/CMakeFiles/CMakeTmp'
Building C object CMakeFiles/cmTC_1ac16.dir/CheckIncludeFile.c.o
/usr/bin/cc   -idirafter "/home/gaugamela/VSCodeProjects/Telos/lib/SDL2/src/video/khronos"  -o CMakeFiles/cmTC_1ac16.dir/CheckIncludeFile.c.o -c /home/gaugamela/VSCodeProjects/Telos/build/CMakeFiles/CMakeTmp/CheckIncludeFile.c
/home/gaugamela/VSCodeProjects/Telos/build/CMakeFiles/CMakeTmp/CheckIncludeFile.c:1:10: fatal error: libunwind.h: No such file or directory
    1 | #include <libunwind.h>
      |          ^~~~~~~~~~~~~
compilation terminated.
gmake[1]: *** [CMakeFiles/cmTC_1ac16.dir/build.make:78: CMakeFiles/cmTC_1ac16.dir/CheckIncludeFile.c.o] Error 1
gmake[1]: Leaving directory '/home/gaugamela/VSCodeProjects/Telos/build/CMakeFiles/CMakeTmp'
gmake: *** [Makefile:127: cmTC_1ac16/fast] Error 2



Determining if the strlcpy exist failed with the following output:
Change Dir: /home/gaugamela/VSCodeProjects/Telos/build/CMakeFiles/CMakeTmp

Run Build Command(s):/usr/bin/gmake -f Makefile cmTC_e48b7/fast && /usr/bin/gmake  -f CMakeFiles/cmTC_e48b7.dir/build.make CMakeFiles/cmTC_e48b7.dir/build
gmake[1]: Entering directory '/home/gaugamela/VSCodeProjects/Telos/build/CMakeFiles/CMakeTmp'
Building C object CMakeFiles/cmTC_e48b7.dir/CheckSymbolExists.c.o
/usr/bin/cc   -idirafter "/home/gaugamela/VSCodeProjects/Telos/lib/SDL2/src/video/khronos"  -o CMakeFiles/cmTC_e48b7.dir/CheckSymbolExists.c.o -c /home/gaugamela/VSCodeProjects/Telos/build/CMakeFiles/CMakeTmp/CheckSymbolExists.c
/home/gaugamela/VSCodeProjects/Telos/build/CMakeFiles/CMakeTmp/CheckSymbolExists.c: In function ‘main’:
/home/gaugamela/VSCodeProjects/Telos/build/CMakeFiles/CMakeTmp/CheckSymbolExists.c:14:19: error: ‘strlcpy’ undeclared (first use in this function); did you mean ‘strncpy’?
   14 |   return ((int*)(&strlcpy))[argc];
      |                   ^~~~~~~
      |                   strncpy
/home/gaugamela/VSCodeProjects/Telos/build/CMakeFiles/CMakeTmp/CheckSymbolExists.c:14:19: note: each undeclared identifier is reported only once for each function it appears in
gmake[1]: *** [CMakeFiles/cmTC_e48b7.dir/build.make:78: CMakeFiles/cmTC_e48b7.dir/CheckSymbolExists.c.o] Error 1
gmake[1]: Leaving directory '/home/gaugamela/VSCodeProjects/Telos/build/CMakeFiles/CMakeTmp'
gmake: *** [Makefile:127: cmTC_e48b7/fast] Error 2


File /home/gaugamela/VSCodeProjects/Telos/build/CMakeFiles/CMakeTmp/CheckSymbolExists.c:
/* */
#include <stddef.h>
#include <stdarg.h>
#include <stdlib.h>
#include <string.h>
#include <stdio.h>
#include <wchar.h>
#include <float.h>

int main(int argc, char** argv)
{
  (void)argv;
#ifndef strlcpy
  return ((int*)(&strlcpy))[argc];
#else
  (void)argc;
  return 0;
#endif
}
Determining if the strlcat exist failed with the following output:
Change Dir: /home/gaugamela/VSCodeProjects/Telos/build/CMakeFiles/CMakeTmp

Run Build Command(s):/usr/bin/gmake -f Makefile cmTC_7801c/fast && /usr/bin/gmake  -f CMakeFiles/cmTC_7801c.dir/build.make CMakeFiles/cmTC_7801c.dir/build
gmake[1]: Entering directory '/home/gaugamela/VSCodeProjects/Telos/build/CMakeFiles/CMakeTmp'
Building C object CMakeFiles/cmTC_7801c.dir/CheckSymbolExists.c.o
/usr/bin/cc   -idirafter "/home/gaugamela/VSCodeProjects/Telos/lib/SDL2/src/video/khronos"  -o CMakeFiles/cmTC_7801c.dir/CheckSymbolExists.c.o -c /home/gaugamela/VSCodeProjects/Telos/build/CMakeFiles/CMakeTmp/CheckSymbolExists.c
/home/gaugamela/VSCodeProjects/Telos/build/CMakeFiles/CMakeTmp/CheckSymbolExists.c: In function ‘main’:
/home/gaugamela/VSCodeProjects/Telos/build/CMakeFiles/CMakeTmp/CheckSymbolExists.c:14:19: error: ‘strlcat’ undeclared (first use in this function); did you mean ‘strncat’?
   14 |   return ((int*)(&strlcat))[argc];
      |                   ^~~~~~~
      |                   strncat
/home/gaugamela/VSCodeProjects/Telos/build/CMakeFiles/CMakeTmp/CheckSymbolExists.c:14:19: note: each undeclared identifier is reported only once for each function it appears in
gmake[1]: *** [CMakeFiles/cmTC_7801c.dir/build.make:78: CMakeFiles/cmTC_7801c.dir/CheckSymbolExists.c.o] Error 1
gmake[1]: Leaving directory '/home/gaugamela/VSCodeProjects/Telos/build/CMakeFiles/CMakeTmp'
gmake: *** [Makefile:127: cmTC_7801c/fast] Error 2


File /home/gaugamela/VSCodeProjects/Telos/build/CMakeFiles/CMakeTmp/CheckSymbolExists.c:
/* */
#include <stddef.h>
#include <stdarg.h>
#include <stdlib.h>
#include <string.h>
#include <stdio.h>
#include <wchar.h>
#include <float.h>

int main(int argc, char** argv)
{
  (void)argv;
#ifndef strlcat
  return ((int*)(&strlcat))[argc];
#else
  (void)argc;
  return 0;
#endif
}
Determining if the _strrev exist failed with the following output:
Change Dir: /home/gaugamela/VSCodeProjects/Telos/build/CMakeFiles/CMakeTmp

Run Build Command(s):/usr/bin/gmake -f Makefile cmTC_7dde1/fast && /usr/bin/gmake  -f CMakeFiles/cmTC_7dde1.dir/build.make CMakeFiles/cmTC_7dde1.dir/build
gmake[1]: Entering directory '/home/gaugamela/VSCodeProjects/Telos/build/CMakeFiles/CMakeTmp'
Building C object CMakeFiles/cmTC_7dde1.dir/CheckSymbolExists.c.o
/usr/bin/cc   -idirafter "/home/gaugamela/VSCodeProjects/Telos/lib/SDL2/src/video/khronos"  -o CMakeFiles/cmTC_7dde1.dir/CheckSymbolExists.c.o -c /home/gaugamela/VSCodeProjects/Telos/build/CMakeFiles/CMakeTmp/CheckSymbolExists.c
/home/gaugamela/VSCodeProjects/Telos/build/CMakeFiles/CMakeTmp/CheckSymbolExists.c: In function ‘main’:
/home/gaugamela/VSCodeProjects/Telos/build/CMakeFiles/CMakeTmp/CheckSymbolExists.c:14:19: error: ‘_strrev’ undeclared (first use in this function)
   14 |   return ((int*)(&_strrev))[argc];
      |                   ^~~~~~~
/home/gaugamela/VSCodeProjects/Telos/build/CMakeFiles/CMakeTmp/CheckSymbolExists.c:14:19: note: each undeclared identifier is reported only once for each function it appears in
gmake[1]: *** [CMakeFiles/cmTC_7dde1.dir/build.make:78: CMakeFiles/cmTC_7dde1.dir/CheckSymbolExists.c.o] Error 1
gmake[1]: Leaving directory '/home/gaugamela/VSCodeProjects/Telos/build/CMakeFiles/CMakeTmp'
gmake: *** [Makefile:127: cmTC_7dde1/fast] Error 2


File /home/gaugamela/VSCodeProjects/Telos/build/CMakeFiles/CMakeTmp/CheckSymbolExists.c:
/* */
#include <stddef.h>
#include <stdarg.h>
#include <stdlib.h>
#include <string.h>
#include <stdio.h>
#include <wchar.h>
#include <float.h>

int main(int argc, char** argv)
{
  (void)argv;
#ifndef _strrev
  return ((int*)(&_strrev))[argc];
#else
  (void)argc;
  return 0;
#endif
}
Determining if the _strupr exist failed with the following output:
Change Dir: /home/gaugamela/VSCodeProjects/Telos/build/CMakeFiles/CMakeTmp

Run Build Command(s):/usr/bin/gmake -f Makefile cmTC_83dae/fast && /usr/bin/gmake  -f CMakeFiles/cmTC_83dae.dir/build.make CMakeFiles/cmTC_83dae.dir/build
gmake[1]: Entering directory '/home/gaugamela/VSCodeProjects/Telos/build/CMakeFiles/CMakeTmp'
Building C object CMakeFiles/cmTC_83dae.dir/CheckSymbolExists.c.o
/usr/bin/cc   -idirafter "/home/gaugamela/VSCodeProjects/Telos/lib/SDL2/src/video/khronos"  -o CMakeFiles/cmTC_83dae.dir/CheckSymbolExists.c.o -c /home/gaugamela/VSCodeProjects/Telos/build/CMakeFiles/CMakeTmp/CheckSymbolExists.c
/home/gaugamela/VSCodeProjects/Telos/build/CMakeFiles/CMakeTmp/CheckSymbolExists.c: In function ‘main’:
/home/gaugamela/VSCodeProjects/Telos/build/CMakeFiles/CMakeTmp/CheckSymbolExists.c:14:19: error: ‘_strupr’ undeclared (first use in this function)
   14 |   return ((int*)(&_strupr))[argc];
      |                   ^~~~~~~
/home/gaugamela/VSCodeProjects/Telos/build/CMakeFiles/CMakeTmp/CheckSymbolExists.c:14:19: note: each undeclared identifier is reported only once for each function it appears in
gmake[1]: *** [CMakeFiles/cmTC_83dae.dir/build.make:78: CMakeFiles/cmTC_83dae.dir/CheckSymbolExists.c.o] Error 1
gmake[1]: Leaving directory '/home/gaugamela/VSCodeProjects/Telos/build/CMakeFiles/CMakeTmp'
gmake: *** [Makefile:127: cmTC_83dae/fast] Error 2


File /home/gaugamela/VSCodeProjects/Telos/build/CMakeFiles/CMakeTmp/CheckSymbolExists.c:
/* */
#include <stddef.h>
#include <stdarg.h>
#include <stdlib.h>
#include <string.h>
#include <stdio.h>
#include <wchar.h>
#include <float.h>

int main(int argc, char** argv)
{
  (void)argv;
#ifndef _strupr
  return ((int*)(&_strupr))[argc];
#else
  (void)argc;
  return 0;
#endif
}
Determining if the _strlwr exist failed with the following output:
Change Dir: /home/gaugamela/VSCodeProjects/Telos/build/CMakeFiles/CMakeTmp

Run Build Command(s):/usr/bin/gmake -f Makefile cmTC_9e9ba/fast && /usr/bin/gmake  -f CMakeFiles/cmTC_9e9ba.dir/build.make CMakeFiles/cmTC_9e9ba.dir/build
gmake[1]: Entering directory '/home/gaugamela/VSCodeProjects/Telos/build/CMakeFiles/CMakeTmp'
Building C object CMakeFiles/cmTC_9e9ba.dir/CheckSymbolExists.c.o
/usr/bin/cc   -idirafter "/home/gaugamela/VSCodeProjects/Telos/lib/SDL2/src/video/khronos"  -o CMakeFiles/cmTC_9e9ba.dir/CheckSymbolExists.c.o -c /home/gaugamela/VSCodeProjects/Telos/build/CMakeFiles/CMakeTmp/CheckSymbolExists.c
/home/gaugamela/VSCodeProjects/Telos/build/CMakeFiles/CMakeTmp/CheckSymbolExists.c: In function ‘main’:
/home/gaugamela/VSCodeProjects/Telos/build/CMakeFiles/CMakeTmp/CheckSymbolExists.c:14:19: error: ‘_strlwr’ undeclared (first use in this function)
   14 |   return ((int*)(&_strlwr))[argc];
      |                   ^~~~~~~
/home/gaugamela/VSCodeProjects/Telos/build/CMakeFiles/CMakeTmp/CheckSymbolExists.c:14:19: note: each undeclared identifier is reported only once for each function it appears in
gmake[1]: *** [CMakeFiles/cmTC_9e9ba.dir/build.make:78: CMakeFiles/cmTC_9e9ba.dir/CheckSymbolExists.c.o] Error 1
gmake[1]: Leaving directory '/home/gaugamela/VSCodeProjects/Telos/build/CMakeFiles/CMakeTmp'
gmake: *** [Makefile:127: cmTC_9e9ba/fast] Error 2


File /home/gaugamela/VSCodeProjects/Telos/build/CMakeFiles/CMakeTmp/CheckSymbolExists.c:
/* */
#include <stddef.h>
#include <stdarg.h>
#include <stdlib.h>
#include <string.h>
#include <stdio.h>
#include <wchar.h>
#include <float.h>

int main(int argc, char** argv)
{
  (void)argv;
#ifndef _strlwr
  return ((int*)(&_strlwr))[argc];
#else
  (void)argc;
  return 0;
#endif
}
Determining if the itoa exist failed with the following output:
Change Dir: /home/gaugamela/VSCodeProjects/Telos/build/CMakeFiles/CMakeTmp

Run Build Command(s):/usr/bin/gmake -f Makefile cmTC_4a519/fast && /usr/bin/gmake  -f CMakeFiles/cmTC_4a519.dir/build.make CMakeFiles/cmTC_4a519.dir/build
gmake[1]: Entering directory '/home/gaugamela/VSCodeProjects/Telos/build/CMakeFiles/CMakeTmp'
Building C object CMakeFiles/cmTC_4a519.dir/CheckSymbolExists.c.o
/usr/bin/cc   -idirafter "/home/gaugamela/VSCodeProjects/Telos/lib/SDL2/src/video/khronos"  -o CMakeFiles/cmTC_4a519.dir/CheckSymbolExists.c.o -c /home/gaugamela/VSCodeProjects/Telos/build/CMakeFiles/CMakeTmp/CheckSymbolExists.c
/home/gaugamela/VSCodeProjects/Telos/build/CMakeFiles/CMakeTmp/CheckSymbolExists.c: In function ‘main’:
/home/gaugamela/VSCodeProjects/Telos/build/CMakeFiles/CMakeTmp/CheckSymbolExists.c:14:19: error: ‘itoa’ undeclared (first use in this function)
   14 |   return ((int*)(&itoa))[argc];
      |                   ^~~~
/home/gaugamela/VSCodeProjects/Telos/build/CMakeFiles/CMakeTmp/CheckSymbolExists.c:14:19: note: each undeclared identifier is reported only once for each function it appears in
gmake[1]: *** [CMakeFiles/cmTC_4a519.dir/build.make:78: CMakeFiles/cmTC_4a519.dir/CheckSymbolExists.c.o] Error 1
gmake[1]: Leaving directory '/home/gaugamela/VSCodeProjects/Telos/build/CMakeFiles/CMakeTmp'
gmake: *** [Makefile:127: cmTC_4a519/fast] Error 2


File /home/gaugamela/VSCodeProjects/Telos/build/CMakeFiles/CMakeTmp/CheckSymbolExists.c:
/* */
#include <stddef.h>
#include <stdarg.h>
#include <stdlib.h>
#include <string.h>
#include <stdio.h>
#include <wchar.h>
#include <float.h>

int main(int argc, char** argv)
{
  (void)argv;
#ifndef itoa
  return ((int*)(&itoa))[argc];
#else
  (void)argc;
  return 0;
#endif
}
Determining if the _ltoa exist failed with the following output:
Change Dir: /home/gaugamela/VSCodeProjects/Telos/build/CMakeFiles/CMakeTmp

Run Build Command(s):/usr/bin/gmake -f Makefile cmTC_bcbb4/fast && /usr/bin/gmake  -f CMakeFiles/cmTC_bcbb4.dir/build.make CMakeFiles/cmTC_bcbb4.dir/build
gmake[1]: Entering directory '/home/gaugamela/VSCodeProjects/Telos/build/CMakeFiles/CMakeTmp'
Building C object CMakeFiles/cmTC_bcbb4.dir/CheckSymbolExists.c.o
/usr/bin/cc   -idirafter "/home/gaugamela/VSCodeProjects/Telos/lib/SDL2/src/video/khronos"  -o CMakeFiles/cmTC_bcbb4.dir/CheckSymbolExists.c.o -c /home/gaugamela/VSCodeProjects/Telos/build/CMakeFiles/CMakeTmp/CheckSymbolExists.c
/home/gaugamela/VSCodeProjects/Telos/build/CMakeFiles/CMakeTmp/CheckSymbolExists.c: In function ‘main’:
/home/gaugamela/VSCodeProjects/Telos/build/CMakeFiles/CMakeTmp/CheckSymbolExists.c:14:19: error: ‘_ltoa’ undeclared (first use in this function)
   14 |   return ((int*)(&_ltoa))[argc];
      |                   ^~~~~
/home/gaugamela/VSCodeProjects/Telos/build/CMakeFiles/CMakeTmp/CheckSymbolExists.c:14:19: note: each undeclared identifier is reported only once for each function it appears in
gmake[1]: *** [CMakeFiles/cmTC_bcbb4.dir/build.make:78: CMakeFiles/cmTC_bcbb4.dir/CheckSymbolExists.c.o] Error 1
gmake[1]: Leaving directory '/home/gaugamela/VSCodeProjects/Telos/build/CMakeFiles/CMakeTmp'
gmake: *** [Makefile:127: cmTC_bcbb4/fast] Error 2


File /home/gaugamela/VSCodeProjects/Telos/build/CMakeFiles/CMakeTmp/CheckSymbolExists.c:
/* */
#include <stddef.h>
#include <stdarg.h>
#include <stdlib.h>
#include <string.h>
#include <stdio.h>
#include <wchar.h>
#include <float.h>

int main(int argc, char** argv)
{
  (void)argv;
#ifndef _ltoa
  return ((int*)(&_ltoa))[argc];
#else
  (void)argc;
  return 0;
#endif
}
Determining if the _uitoa exist failed with the following output:
Change Dir: /home/gaugamela/VSCodeProjects/Telos/build/CMakeFiles/CMakeTmp

Run Build Command(s):/usr/bin/gmake -f Makefile cmTC_78b16/fast && /usr/bin/gmake  -f CMakeFiles/cmTC_78b16.dir/build.make CMakeFiles/cmTC_78b16.dir/build
gmake[1]: Entering directory '/home/gaugamela/VSCodeProjects/Telos/build/CMakeFiles/CMakeTmp'
Building C object CMakeFiles/cmTC_78b16.dir/CheckSymbolExists.c.o
/usr/bin/cc   -idirafter "/home/gaugamela/VSCodeProjects/Telos/lib/SDL2/src/video/khronos"  -o CMakeFiles/cmTC_78b16.dir/CheckSymbolExists.c.o -c /home/gaugamela/VSCodeProjects/Telos/build/CMakeFiles/CMakeTmp/CheckSymbolExists.c
/home/gaugamela/VSCodeProjects/Telos/build/CMakeFiles/CMakeTmp/CheckSymbolExists.c: In function ‘main’:
/home/gaugamela/VSCodeProjects/Telos/build/CMakeFiles/CMakeTmp/CheckSymbolExists.c:14:19: error: ‘_uitoa’ undeclared (first use in this function)
   14 |   return ((int*)(&_uitoa))[argc];
      |                   ^~~~~~
/home/gaugamela/VSCodeProjects/Telos/build/CMakeFiles/CMakeTmp/CheckSymbolExists.c:14:19: note: each undeclared identifier is reported only once for each function it appears in
gmake[1]: *** [CMakeFiles/cmTC_78b16.dir/build.make:78: CMakeFiles/cmTC_78b16.dir/CheckSymbolExists.c.o] Error 1
gmake[1]: Leaving directory '/home/gaugamela/VSCodeProjects/Telos/build/CMakeFiles/CMakeTmp'
gmake: *** [Makefile:127: cmTC_78b16/fast] Error 2


File /home/gaugamela/VSCodeProjects/Telos/build/CMakeFiles/CMakeTmp/CheckSymbolExists.c:
/* */
#include <stddef.h>
#include <stdarg.h>
#include <stdlib.h>
#include <string.h>
#include <stdio.h>
#include <wchar.h>
#include <float.h>

int main(int argc, char** argv)
{
  (void)argv;
#ifndef _uitoa
  return ((int*)(&_uitoa))[argc];
#else
  (void)argc;
  return 0;
#endif
}
Determining if the _ultoa exist failed with the following output:
Change Dir: /home/gaugamela/VSCodeProjects/Telos/build/CMakeFiles/CMakeTmp

Run Build Command(s):/usr/bin/gmake -f Makefile cmTC_9e0b4/fast && /usr/bin/gmake  -f CMakeFiles/cmTC_9e0b4.dir/build.make CMakeFiles/cmTC_9e0b4.dir/build
gmake[1]: Entering directory '/home/gaugamela/VSCodeProjects/Telos/build/CMakeFiles/CMakeTmp'
Building C object CMakeFiles/cmTC_9e0b4.dir/CheckSymbolExists.c.o
/usr/bin/cc   -idirafter "/home/gaugamela/VSCodeProjects/Telos/lib/SDL2/src/video/khronos"  -o CMakeFiles/cmTC_9e0b4.dir/CheckSymbolExists.c.o -c /home/gaugamela/VSCodeProjects/Telos/build/CMakeFiles/CMakeTmp/CheckSymbolExists.c
/home/gaugamela/VSCodeProjects/Telos/build/CMakeFiles/CMakeTmp/CheckSymbolExists.c: In function ‘main’:
/home/gaugamela/VSCodeProjects/Telos/build/CMakeFiles/CMakeTmp/CheckSymbolExists.c:14:19: error: ‘_ultoa’ undeclared (first use in this function)
   14 |   return ((int*)(&_ultoa))[argc];
      |                   ^~~~~~
/home/gaugamela/VSCodeProjects/Telos/build/CMakeFiles/CMakeTmp/CheckSymbolExists.c:14:19: note: each undeclared identifier is reported only once for each function it appears in
gmake[1]: *** [CMakeFiles/cmTC_9e0b4.dir/build.make:78: CMakeFiles/cmTC_9e0b4.dir/CheckSymbolExists.c.o] Error 1
gmake[1]: Leaving directory '/home/gaugamela/VSCodeProjects/Telos/build/CMakeFiles/CMakeTmp'
gmake: *** [Makefile:127: cmTC_9e0b4/fast] Error 2


File /home/gaugamela/VSCodeProjects/Telos/build/CMakeFiles/CMakeTmp/CheckSymbolExists.c:
/* */
#include <stddef.h>
#include <stdarg.h>
#include <stdlib.h>
#include <string.h>
#include <stdio.h>
#include <wchar.h>
#include <float.h>

int main(int argc, char** argv)
{
  (void)argv;
#ifndef _ultoa
  return ((int*)(&_ultoa))[argc];
#else
  (void)argc;
  return 0;
#endif
}
Determining if the _i64toa exist failed with the following output:
Change Dir: /home/gaugamela/VSCodeProjects/Telos/build/CMakeFiles/CMakeTmp

Run Build Command(s):/usr/bin/gmake -f Makefile cmTC_96b6d/fast && /usr/bin/gmake  -f CMakeFiles/cmTC_96b6d.dir/build.make CMakeFiles/cmTC_96b6d.dir/build
gmake[1]: Entering directory '/home/gaugamela/VSCodeProjects/Telos/build/CMakeFiles/CMakeTmp'
Building C object CMakeFiles/cmTC_96b6d.dir/CheckSymbolExists.c.o
/usr/bin/cc   -idirafter "/home/gaugamela/VSCodeProjects/Telos/lib/SDL2/src/video/khronos"  -o CMakeFiles/cmTC_96b6d.dir/CheckSymbolExists.c.o -c /home/gaugamela/VSCodeProjects/Telos/build/CMakeFiles/CMakeTmp/CheckSymbolExists.c
/home/gaugamela/VSCodeProjects/Telos/build/CMakeFiles/CMakeTmp/CheckSymbolExists.c: In function ‘main’:
/home/gaugamela/VSCodeProjects/Telos/build/CMakeFiles/CMakeTmp/CheckSymbolExists.c:14:19: error: ‘_i64toa’ undeclared (first use in this function)
   14 |   return ((int*)(&_i64toa))[argc];
      |                   ^~~~~~~
/home/gaugamela/VSCodeProjects/Telos/build/CMakeFiles/CMakeTmp/CheckSymbolExists.c:14:19: note: each undeclared identifier is reported only once for each function it appears in
gmake[1]: *** [CMakeFiles/cmTC_96b6d.dir/build.make:78: CMakeFiles/cmTC_96b6d.dir/CheckSymbolExists.c.o] Error 1
gmake[1]: Leaving directory '/home/gaugamela/VSCodeProjects/Telos/build/CMakeFiles/CMakeTmp'
gmake: *** [Makefile:127: cmTC_96b6d/fast] Error 2


File /home/gaugamela/VSCodeProjects/Telos/build/CMakeFiles/CMakeTmp/CheckSymbolExists.c:
/* */
#include <stddef.h>
#include <stdarg.h>
#include <stdlib.h>
#include <string.h>
#include <stdio.h>
#include <wchar.h>
#include <float.h>

int main(int argc, char** argv)
{
  (void)argv;
#ifndef _i64toa
  return ((int*)(&_i64toa))[argc];
#else
  (void)argc;
  return 0;
#endif
}
Determining if the _ui64toa exist failed with the following output:
Change Dir: /home/gaugamela/VSCodeProjects/Telos/build/CMakeFiles/CMakeTmp

Run Build Command(s):/usr/bin/gmake -f Makefile cmTC_a5fff/fast && /usr/bin/gmake  -f CMakeFiles/cmTC_a5fff.dir/build.make CMakeFiles/cmTC_a5fff.dir/build
gmake[1]: Entering directory '/home/gaugamela/VSCodeProjects/Telos/build/CMakeFiles/CMakeTmp'
Building C object CMakeFiles/cmTC_a5fff.dir/CheckSymbolExists.c.o
/usr/bin/cc   -idirafter "/home/gaugamela/VSCodeProjects/Telos/lib/SDL2/src/video/khronos"  -o CMakeFiles/cmTC_a5fff.dir/CheckSymbolExists.c.o -c /home/gaugamela/VSCodeProjects/Telos/build/CMakeFiles/CMakeTmp/CheckSymbolExists.c
/home/gaugamela/VSCodeProjects/Telos/build/CMakeFiles/CMakeTmp/CheckSymbolExists.c: In function ‘main’:
/home/gaugamela/VSCodeProjects/Telos/build/CMakeFiles/CMakeTmp/CheckSymbolExists.c:14:19: error: ‘_ui64toa’ undeclared (first use in this function)
   14 |   return ((int*)(&_ui64toa))[argc];
      |                   ^~~~~~~~
/home/gaugamela/VSCodeProjects/Telos/build/CMakeFiles/CMakeTmp/CheckSymbolExists.c:14:19: note: each undeclared identifier is reported only once for each function it appears in
gmake[1]: *** [CMakeFiles/cmTC_a5fff.dir/build.make:78: CMakeFiles/cmTC_a5fff.dir/CheckSymbolExists.c.o] Error 1
gmake[1]: Leaving directory '/home/gaugamela/VSCodeProjects/Telos/build/CMakeFiles/CMakeTmp'
gmake: *** [Makefile:127: cmTC_a5fff/fast] Error 2


File /home/gaugamela/VSCodeProjects/Telos/build/CMakeFiles/CMakeTmp/CheckSymbolExists.c:
/* */
#include <stddef.h>
#include <stdarg.h>
#include <stdlib.h>
#include <string.h>
#include <stdio.h>
#include <wchar.h>
#include <float.h>

int main(int argc, char** argv)
{
  (void)argv;
#ifndef _ui64toa
  return ((int*)(&_ui64toa))[argc];
#else
  (void)argc;
  return 0;
#endif
}
Determining if the _stricmp exist failed with the following output:
Change Dir: /home/gaugamela/VSCodeProjects/Telos/build/CMakeFiles/CMakeTmp

Run Build Command(s):/usr/bin/gmake -f Makefile cmTC_1579f/fast && /usr/bin/gmake  -f CMakeFiles/cmTC_1579f.dir/build.make CMakeFiles/cmTC_1579f.dir/build
gmake[1]: Entering directory '/home/gaugamela/VSCodeProjects/Telos/build/CMakeFiles/CMakeTmp'
Building C object CMakeFiles/cmTC_1579f.dir/CheckSymbolExists.c.o
/usr/bin/cc   -idirafter "/home/gaugamela/VSCodeProjects/Telos/lib/SDL2/src/video/khronos"  -o CMakeFiles/cmTC_1579f.dir/CheckSymbolExists.c.o -c /home/gaugamela/VSCodeProjects/Telos/build/CMakeFiles/CMakeTmp/CheckSymbolExists.c
/home/gaugamela/VSCodeProjects/Telos/build/CMakeFiles/CMakeTmp/CheckSymbolExists.c: In function ‘main’:
/home/gaugamela/VSCodeProjects/Telos/build/CMakeFiles/CMakeTmp/CheckSymbolExists.c:14:19: error: ‘_stricmp’ undeclared (first use in this function); did you mean ‘strncmp’?
   14 |   return ((int*)(&_stricmp))[argc];
      |                   ^~~~~~~~
      |                   strncmp
/home/gaugamela/VSCodeProjects/Telos/build/CMakeFiles/CMakeTmp/CheckSymbolExists.c:14:19: note: each undeclared identifier is reported only once for each function it appears in
gmake[1]: *** [CMakeFiles/cmTC_1579f.dir/build.make:78: CMakeFiles/cmTC_1579f.dir/CheckSymbolExists.c.o] Error 1
gmake[1]: Leaving directory '/home/gaugamela/VSCodeProjects/Telos/build/CMakeFiles/CMakeTmp'
gmake: *** [Makefile:127: cmTC_1579f/fast] Error 2


File /home/gaugamela/VSCodeProjects/Telos/build/CMakeFiles/CMakeTmp/CheckSymbolExists.c:
/* */
#include <stddef.h>
#include <stdarg.h>
#include <stdlib.h>
#include <string.h>
#include <stdio.h>
#include <wchar.h>
#include <float.h>

int main(int argc, char** argv)
{
  (void)argv;
#ifndef _stricmp
  return ((int*)(&_stricmp))[argc];
#else
  (void)argc;
  return 0;
#endif
}
Determining if the _strnicmp exist failed with the following output:
Change Dir: /home/gaugamela/VSCodeProjects/Telos/build/CMakeFiles/CMakeTmp

Run Build Command(s):/usr/bin/gmake -f Makefile cmTC_1dc52/fast && /usr/bin/gmake  -f CMakeFiles/cmTC_1dc52.dir/build.make CMakeFiles/cmTC_1dc52.dir/build
gmake[1]: Entering directory '/home/gaugamela/VSCodeProjects/Telos/build/CMakeFiles/CMakeTmp'
Building C object CMakeFiles/cmTC_1dc52.dir/CheckSymbolExists.c.o
/usr/bin/cc   -idirafter "/home/gaugamela/VSCodeProjects/Telos/lib/SDL2/src/video/khronos"  -o CMakeFiles/cmTC_1dc52.dir/CheckSymbolExists.c.o -c /home/gaugamela/VSCodeProjects/Telos/build/CMakeFiles/CMakeTmp/CheckSymbolExists.c
/home/gaugamela/VSCodeProjects/Telos/build/CMakeFiles/CMakeTmp/CheckSymbolExists.c: In function ‘main’:
/home/gaugamela/VSCodeProjects/Telos/build/CMakeFiles/CMakeTmp/CheckSymbolExists.c:14:19: error: ‘_strnicmp’ undeclared (first use in this function); did you mean ‘strncmp’?
   14 |   return ((int*)(&_strnicmp))[argc];
      |                   ^~~~~~~~~
      |                   strncmp
/home/gaugamela/VSCodeProjects/Telos/build/CMakeFiles/CMakeTmp/CheckSymbolExists.c:14:19: note: each undeclared identifier is reported only once for each function it appears in
gmake[1]: *** [CMakeFiles/cmTC_1dc52.dir/build.make:78: CMakeFiles/cmTC_1dc52.dir/CheckSymbolExists.c.o] Error 1
gmake[1]: Leaving directory '/home/gaugamela/VSCodeProjects/Telos/build/CMakeFiles/CMakeTmp'
gmake: *** [Makefile:127: cmTC_1dc52/fast] Error 2


File /home/gaugamela/VSCodeProjects/Telos/build/CMakeFiles/CMakeTmp/CheckSymbolExists.c:
/* */
#include <stddef.h>
#include <stdarg.h>
#include <stdlib.h>
#include <string.h>
#include <stdio.h>
#include <wchar.h>
#include <float.h>

int main(int argc, char** argv)
{
  (void)argv;
#ifndef _strnicmp
  return ((int*)(&_strnicmp))[argc];
#else
  (void)argc;
  return 0;
#endif
}
Determining if the _wcsdup exist failed with the following output:
Change Dir: /home/gaugamela/VSCodeProjects/Telos/build/CMakeFiles/CMakeTmp

Run Build Command(s):/usr/bin/gmake -f Makefile cmTC_ed9b9/fast && /usr/bin/gmake  -f CMakeFiles/cmTC_ed9b9.dir/build.make CMakeFiles/cmTC_ed9b9.dir/build
gmake[1]: Entering directory '/home/gaugamela/VSCodeProjects/Telos/build/CMakeFiles/CMakeTmp'
Building C object CMakeFiles/cmTC_ed9b9.dir/CheckSymbolExists.c.o
/usr/bin/cc   -idirafter "/home/gaugamela/VSCodeProjects/Telos/lib/SDL2/src/video/khronos"  -o CMakeFiles/cmTC_ed9b9.dir/CheckSymbolExists.c.o -c /home/gaugamela/VSCodeProjects/Telos/build/CMakeFiles/CMakeTmp/CheckSymbolExists.c
/home/gaugamela/VSCodeProjects/Telos/build/CMakeFiles/CMakeTmp/CheckSymbolExists.c: In function ‘main’:
/home/gaugamela/VSCodeProjects/Telos/build/CMakeFiles/CMakeTmp/CheckSymbolExists.c:14:19: error: ‘_wcsdup’ undeclared (first use in this function); did you mean ‘wcsdup’?
   14 |   return ((int*)(&_wcsdup))[argc];
      |                   ^~~~~~~
      |                   wcsdup
/home/gaugamela/VSCodeProjects/Telos/build/CMakeFiles/CMakeTmp/CheckSymbolExists.c:14:19: note: each undeclared identifier is reported only once for each function it appears in
gmake[1]: *** [CMakeFiles/cmTC_ed9b9.dir/build.make:78: CMakeFiles/cmTC_ed9b9.dir/CheckSymbolExists.c.o] Error 1
gmake[1]: Leaving directory '/home/gaugamela/VSCodeProjects/Telos/build/CMakeFiles/CMakeTmp'
gmake: *** [Makefile:127: cmTC_ed9b9/fast] Error 2


File /home/gaugamela/VSCodeProjects/Telos/build/CMakeFiles/CMakeTmp/CheckSymbolExists.c:
/* */
#include <stddef.h>
#include <stdarg.h>
#include <stdlib.h>
#include <string.h>
#include <stdio.h>
#include <wchar.h>
#include <float.h>

int main(int argc, char** argv)
{
  (void)argv;
#ifndef _wcsdup
  return ((int*)(&_wcsdup))[argc];
#else
  (void)argc;
  return 0;
#endif
}
Determining if the wcslcat exist failed with the following output:
Change Dir: /home/gaugamela/VSCodeProjects/Telos/build/CMakeFiles/CMakeTmp

Run Build Command(s):/usr/bin/gmake -f Makefile cmTC_60d68/fast && /usr/bin/gmake  -f CMakeFiles/cmTC_60d68.dir/build.make CMakeFiles/cmTC_60d68.dir/build
gmake[1]: Entering directory '/home/gaugamela/VSCodeProjects/Telos/build/CMakeFiles/CMakeTmp'
Building C object CMakeFiles/cmTC_60d68.dir/CheckSymbolExists.c.o
/usr/bin/cc   -idirafter "/home/gaugamela/VSCodeProjects/Telos/lib/SDL2/src/video/khronos"  -o CMakeFiles/cmTC_60d68.dir/CheckSymbolExists.c.o -c /home/gaugamela/VSCodeProjects/Telos/build/CMakeFiles/CMakeTmp/CheckSymbolExists.c
/home/gaugamela/VSCodeProjects/Telos/build/CMakeFiles/CMakeTmp/CheckSymbolExists.c: In function ‘main’:
/home/gaugamela/VSCodeProjects/Telos/build/CMakeFiles/CMakeTmp/CheckSymbolExists.c:14:19: error: ‘wcslcat’ undeclared (first use in this function); did you mean ‘wcsncat’?
   14 |   return ((int*)(&wcslcat))[argc];
      |                   ^~~~~~~
      |                   wcsncat
/home/gaugamela/VSCodeProjects/Telos/build/CMakeFiles/CMakeTmp/CheckSymbolExists.c:14:19: note: each undeclared identifier is reported only once for each function it appears in
gmake[1]: *** [CMakeFiles/cmTC_60d68.dir/build.make:78: CMakeFiles/cmTC_60d68.dir/CheckSymbolExists.c.o] Error 1
gmake[1]: Leaving directory '/home/gaugamela/VSCodeProjects/Telos/build/CMakeFiles/CMakeTmp'
gmake: *** [Makefile:127: cmTC_60d68/fast] Error 2


File /home/gaugamela/VSCodeProjects/Telos/build/CMakeFiles/CMakeTmp/CheckSymbolExists.c:
/* */
#include <stddef.h>
#include <stdarg.h>
#include <stdlib.h>
#include <string.h>
#include <stdio.h>
#include <wchar.h>
#include <float.h>

int main(int argc, char** argv)
{
  (void)argv;
#ifndef wcslcat
  return ((int*)(&wcslcat))[argc];
#else
  (void)argc;
  return 0;
#endif
}
Determining if the wcslcpy exist failed with the following output:
Change Dir: /home/gaugamela/VSCodeProjects/Telos/build/CMakeFiles/CMakeTmp

Run Build Command(s):/usr/bin/gmake -f Makefile cmTC_7fd9b/fast && /usr/bin/gmake  -f CMakeFiles/cmTC_7fd9b.dir/build.make CMakeFiles/cmTC_7fd9b.dir/build
gmake[1]: Entering directory '/home/gaugamela/VSCodeProjects/Telos/build/CMakeFiles/CMakeTmp'
Building C object CMakeFiles/cmTC_7fd9b.dir/CheckSymbolExists.c.o
/usr/bin/cc   -idirafter "/home/gaugamela/VSCodeProjects/Telos/lib/SDL2/src/video/khronos"  -o CMakeFiles/cmTC_7fd9b.dir/CheckSymbolExists.c.o -c /home/gaugamela/VSCodeProjects/Telos/build/CMakeFiles/CMakeTmp/CheckSymbolExists.c
/home/gaugamela/VSCodeProjects/Telos/build/CMakeFiles/CMakeTmp/CheckSymbolExists.c: In function ‘main’:
/home/gaugamela/VSCodeProjects/Telos/build/CMakeFiles/CMakeTmp/CheckSymbolExists.c:14:19: error: ‘wcslcpy’ undeclared (first use in this function); did you mean ‘wcsncpy’?
   14 |   return ((int*)(&wcslcpy))[argc];
      |                   ^~~~~~~
      |                   wcsncpy
/home/gaugamela/VSCodeProjects/Telos/build/CMakeFiles/CMakeTmp/CheckSymbolExists.c:14:19: note: each undeclared identifier is reported only once for each function it appears in
gmake[1]: *** [CMakeFiles/cmTC_7fd9b.dir/build.make:78: CMakeFiles/cmTC_7fd9b.dir/CheckSymbolExists.c.o] Error 1
gmake[1]: Leaving directory '/home/gaugamela/VSCodeProjects/Telos/build/CMakeFiles/CMakeTmp'
gmake: *** [Makefile:127: cmTC_7fd9b/fast] Error 2


File /home/gaugamela/VSCodeProjects/Telos/build/CMakeFiles/CMakeTmp/CheckSymbolExists.c:
/* */
#include <stddef.h>
#include <stdarg.h>
#include <stdlib.h>
#include <string.h>
#include <stdio.h>
#include <wchar.h>
#include <float.h>

int main(int argc, char** argv)
{
  (void)argv;
#ifndef wcslcpy
  return ((int*)(&wcslcpy))[argc];
#else
  (void)argc;
  return 0;
#endif
}
Determining if the _wcsicmp exist failed with the following output:
Change Dir: /home/gaugamela/VSCodeProjects/Telos/build/CMakeFiles/CMakeTmp

Run Build Command(s):/usr/bin/gmake -f Makefile cmTC_7c7ad/fast && /usr/bin/gmake  -f CMakeFiles/cmTC_7c7ad.dir/build.make CMakeFiles/cmTC_7c7ad.dir/build
gmake[1]: Entering directory '/home/gaugamela/VSCodeProjects/Telos/build/CMakeFiles/CMakeTmp'
Building C object CMakeFiles/cmTC_7c7ad.dir/CheckSymbolExists.c.o
/usr/bin/cc   -idirafter "/home/gaugamela/VSCodeProjects/Telos/lib/SDL2/src/video/khronos"  -o CMakeFiles/cmTC_7c7ad.dir/CheckSymbolExists.c.o -c /home/gaugamela/VSCodeProjects/Telos/build/CMakeFiles/CMakeTmp/CheckSymbolExists.c
/home/gaugamela/VSCodeProjects/Telos/build/CMakeFiles/CMakeTmp/CheckSymbolExists.c: In function ‘main’:
/home/gaugamela/VSCodeProjects/Telos/build/CMakeFiles/CMakeTmp/CheckSymbolExists.c:14:19: error: ‘_wcsicmp’ undeclared (first use in this function); did you mean ‘wcsncmp’?
   14 |   return ((int*)(&_wcsicmp))[argc];
      |                   ^~~~~~~~
      |                   wcsncmp
/home/gaugamela/VSCodeProjects/Telos/build/CMakeFiles/CMakeTmp/CheckSymbolExists.c:14:19: note: each undeclared identifier is reported only once for each function it appears in
gmake[1]: *** [CMakeFiles/cmTC_7c7ad.dir/build.make:78: CMakeFiles/cmTC_7c7ad.dir/CheckSymbolExists.c.o] Error 1
gmake[1]: Leaving directory '/home/gaugamela/VSCodeProjects/Telos/build/CMakeFiles/CMakeTmp'
gmake: *** [Makefile:127: cmTC_7c7ad/fast] Error 2


File /home/gaugamela/VSCodeProjects/Telos/build/CMakeFiles/CMakeTmp/CheckSymbolExists.c:
/* */
#include <stddef.h>
#include <stdarg.h>
#include <stdlib.h>
#include <string.h>
#include <stdio.h>
#include <wchar.h>
#include <float.h>

int main(int argc, char** argv)
{
  (void)argv;
#ifndef _wcsicmp
  return ((int*)(&_wcsicmp))[argc];
#else
  (void)argc;
  return 0;
#endif
}
Determining if the _wcsnicmp exist failed with the following output:
Change Dir: /home/gaugamela/VSCodeProjects/Telos/build/CMakeFiles/CMakeTmp

Run Build Command(s):/usr/bin/gmake -f Makefile cmTC_83cad/fast && /usr/bin/gmake  -f CMakeFiles/cmTC_83cad.dir/build.make CMakeFiles/cmTC_83cad.dir/build
gmake[1]: Entering directory '/home/gaugamela/VSCodeProjects/Telos/build/CMakeFiles/CMakeTmp'
Building C object CMakeFiles/cmTC_83cad.dir/CheckSymbolExists.c.o
/usr/bin/cc   -idirafter "/home/gaugamela/VSCodeProjects/Telos/lib/SDL2/src/video/khronos"  -o CMakeFiles/cmTC_83cad.dir/CheckSymbolExists.c.o -c /home/gaugamela/VSCodeProjects/Telos/build/CMakeFiles/CMakeTmp/CheckSymbolExists.c
/home/gaugamela/VSCodeProjects/Telos/build/CMakeFiles/CMakeTmp/CheckSymbolExists.c: In function ‘main’:
/home/gaugamela/VSCodeProjects/Telos/build/CMakeFiles/CMakeTmp/CheckSymbolExists.c:14:19: error: ‘_wcsnicmp’ undeclared (first use in this function); did you mean ‘wcsncmp’?
   14 |   return ((int*)(&_wcsnicmp))[argc];
      |                   ^~~~~~~~~
      |                   wcsncmp
/home/gaugamela/VSCodeProjects/Telos/build/CMakeFiles/CMakeTmp/CheckSymbolExists.c:14:19: note: each undeclared identifier is reported only once for each function it appears in
gmake[1]: *** [CMakeFiles/cmTC_83cad.dir/build.make:78: CMakeFiles/cmTC_83cad.dir/CheckSymbolExists.c.o] Error 1
gmake[1]: Leaving directory '/home/gaugamela/VSCodeProjects/Telos/build/CMakeFiles/CMakeTmp'
gmake: *** [Makefile:127: cmTC_83cad/fast] Error 2


File /home/gaugamela/VSCodeProjects/Telos/build/CMakeFiles/CMakeTmp/CheckSymbolExists.c:
/* */
#include <stddef.h>
#include <stdarg.h>
#include <stdlib.h>
#include <string.h>
#include <stdio.h>
#include <wchar.h>
#include <float.h>

int main(int argc, char** argv)
{
  (void)argv;
#ifndef _wcsnicmp
  return ((int*)(&_wcsnicmp))[argc];
#else
  (void)argc;
  return 0;
#endif
}
Determining if the fopen64 exist failed with the following output:
Change Dir: /home/gaugamela/VSCodeProjects/Telos/build/CMakeFiles/CMakeTmp

Run Build Command(s):/usr/bin/gmake -f Makefile cmTC_98580/fast && /usr/bin/gmake  -f CMakeFiles/cmTC_98580.dir/build.make CMakeFiles/cmTC_98580.dir/build
gmake[1]: Entering directory '/home/gaugamela/VSCodeProjects/Telos/build/CMakeFiles/CMakeTmp'
Building C object CMakeFiles/cmTC_98580.dir/CheckSymbolExists.c.o
/usr/bin/cc   -idirafter "/home/gaugamela/VSCodeProjects/Telos/lib/SDL2/src/video/khronos"  -o CMakeFiles/cmTC_98580.dir/CheckSymbolExists.c.o -c /home/gaugamela/VSCodeProjects/Telos/build/CMakeFiles/CMakeTmp/CheckSymbolExists.c
/home/gaugamela/VSCodeProjects/Telos/build/CMakeFiles/CMakeTmp/CheckSymbolExists.c: In function ‘main’:
/home/gaugamela/VSCodeProjects/Telos/build/CMakeFiles/CMakeTmp/CheckSymbolExists.c:14:19: error: ‘fopen64’ undeclared (first use in this function); did you mean ‘fopen’?
   14 |   return ((int*)(&fopen64))[argc];
      |                   ^~~~~~~
      |                   fopen
/home/gaugamela/VSCodeProjects/Telos/build/CMakeFiles/CMakeTmp/CheckSymbolExists.c:14:19: note: each undeclared identifier is reported only once for each function it appears in
gmake[1]: *** [CMakeFiles/cmTC_98580.dir/build.make:78: CMakeFiles/cmTC_98580.dir/CheckSymbolExists.c.o] Error 1
gmake[1]: Leaving directory '/home/gaugamela/VSCodeProjects/Telos/build/CMakeFiles/CMakeTmp'
gmake: *** [Makefile:127: cmTC_98580/fast] Error 2


File /home/gaugamela/VSCodeProjects/Telos/build/CMakeFiles/CMakeTmp/CheckSymbolExists.c:
/* */
#include <stddef.h>
#include <stdarg.h>
#include <stdlib.h>
#include <string.h>
#include <stdio.h>
#include <wchar.h>
#include <float.h>

int main(int argc, char** argv)
{
  (void)argv;
#ifndef fopen64
  return ((int*)(&fopen64))[argc];
#else
  (void)argc;
  return 0;
#endif
}
Determining if the fseeko64 exist failed with the following output:
Change Dir: /home/gaugamela/VSCodeProjects/Telos/build/CMakeFiles/CMakeTmp

Run Build Command(s):/usr/bin/gmake -f Makefile cmTC_718a6/fast && /usr/bin/gmake  -f CMakeFiles/cmTC_718a6.dir/build.make CMakeFiles/cmTC_718a6.dir/build
gmake[1]: Entering directory '/home/gaugamela/VSCodeProjects/Telos/build/CMakeFiles/CMakeTmp'
Building C object CMakeFiles/cmTC_718a6.dir/CheckSymbolExists.c.o
/usr/bin/cc   -idirafter "/home/gaugamela/VSCodeProjects/Telos/lib/SDL2/src/video/khronos"  -o CMakeFiles/cmTC_718a6.dir/CheckSymbolExists.c.o -c /home/gaugamela/VSCodeProjects/Telos/build/CMakeFiles/CMakeTmp/CheckSymbolExists.c
/home/gaugamela/VSCodeProjects/Telos/build/CMakeFiles/CMakeTmp/CheckSymbolExists.c: In function ‘main’:
/home/gaugamela/VSCodeProjects/Telos/build/CMakeFiles/CMakeTmp/CheckSymbolExists.c:14:19: error: ‘fseeko64’ undeclared (first use in this function); did you mean ‘fseeko’?
   14 |   return ((int*)(&fseeko64))[argc];
      |                   ^~~~~~~~
      |                   fseeko
/home/gaugamela/VSCodeProjects/Telos/build/CMakeFiles/CMakeTmp/CheckSymbolExists.c:14:19: note: each undeclared identifier is reported only once for each function it appears in
gmake[1]: *** [CMakeFiles/cmTC_718a6.dir/build.make:78: CMakeFiles/cmTC_718a6.dir/CheckSymbolExists.c.o] Error 1
gmake[1]: Leaving directory '/home/gaugamela/VSCodeProjects/Telos/build/CMakeFiles/CMakeTmp'
gmake: *** [Makefile:127: cmTC_718a6/fast] Error 2


File /home/gaugamela/VSCodeProjects/Telos/build/CMakeFiles/CMakeTmp/CheckSymbolExists.c:
/* */
#include <stddef.h>
#include <stdarg.h>
#include <stdlib.h>
#include <string.h>
#include <stdio.h>
#include <wchar.h>
#include <float.h>

int main(int argc, char** argv)
{
  (void)argv;
#ifndef fseeko64
  return ((int*)(&fseeko64))[argc];
#else
  (void)argc;
  return 0;
#endif
}
Determining if the sysctlbyname exist failed with the following output:
Change Dir: /home/gaugamela/VSCodeProjects/Telos/build/CMakeFiles/CMakeTmp

Run Build Command(s):/usr/bin/gmake -f Makefile cmTC_fea1c/fast && /usr/bin/gmake  -f CMakeFiles/cmTC_fea1c.dir/build.make CMakeFiles/cmTC_fea1c.dir/build
gmake[1]: Entering directory '/home/gaugamela/VSCodeProjects/Telos/build/CMakeFiles/CMakeTmp'
Building C object CMakeFiles/cmTC_fea1c.dir/CheckSymbolExists.c.o
/usr/bin/cc   -idirafter "/home/gaugamela/VSCodeProjects/Telos/lib/SDL2/src/video/khronos"  -o CMakeFiles/cmTC_fea1c.dir/CheckSymbolExists.c.o -c /home/gaugamela/VSCodeProjects/Telos/build/CMakeFiles/CMakeTmp/CheckSymbolExists.c
/home/gaugamela/VSCodeProjects/Telos/build/CMakeFiles/CMakeTmp/CheckSymbolExists.c:3:10: fatal error: sys/sysctl.h: No such file or directory
    3 | #include <sys/sysctl.h>
      |          ^~~~~~~~~~~~~~
compilation terminated.
gmake[1]: *** [CMakeFiles/cmTC_fea1c.dir/build.make:78: CMakeFiles/cmTC_fea1c.dir/CheckSymbolExists.c.o] Error 1
gmake[1]: Leaving directory '/home/gaugamela/VSCodeProjects/Telos/build/CMakeFiles/CMakeTmp'
gmake: *** [Makefile:127: cmTC_fea1c/fast] Error 2


File /home/gaugamela/VSCodeProjects/Telos/build/CMakeFiles/CMakeTmp/CheckSymbolExists.c:
/* */
#include <sys/types.h>
#include <sys/sysctl.h>

int main(int argc, char** argv)
{
  (void)argv;
#ifndef sysctlbyname
  return ((int*)(&sysctlbyname))[argc];
#else
  (void)argc;
  return 0;
#endif
}
Determining if the elf_aux_info exist failed with the following output:
Change Dir: /home/gaugamela/VSCodeProjects/Telos/build/CMakeFiles/CMakeTmp

Run Build Command(s):/usr/bin/gmake -f Makefile cmTC_35a94/fast && /usr/bin/gmake  -f CMakeFiles/cmTC_35a94.dir/build.make CMakeFiles/cmTC_35a94.dir/build
gmake[1]: Entering directory '/home/gaugamela/VSCodeProjects/Telos/build/CMakeFiles/CMakeTmp'
Building C object CMakeFiles/cmTC_35a94.dir/CheckSymbolExists.c.o
/usr/bin/cc   -idirafter "/home/gaugamela/VSCodeProjects/Telos/lib/SDL2/src/video/khronos"  -o CMakeFiles/cmTC_35a94.dir/CheckSymbolExists.c.o -c /home/gaugamela/VSCodeProjects/Telos/build/CMakeFiles/CMakeTmp/CheckSymbolExists.c
/home/gaugamela/VSCodeProjects/Telos/build/CMakeFiles/CMakeTmp/CheckSymbolExists.c: In function ‘main’:
/home/gaugamela/VSCodeProjects/Telos/build/CMakeFiles/CMakeTmp/CheckSymbolExists.c:8:19: error: ‘elf_aux_info’ undeclared (first use in this function)
    8 |   return ((int*)(&elf_aux_info))[argc];
      |                   ^~~~~~~~~~~~
/home/gaugamela/VSCodeProjects/Telos/build/CMakeFiles/CMakeTmp/CheckSymbolExists.c:8:19: note: each undeclared identifier is reported only once for each function it appears in
gmake[1]: *** [CMakeFiles/cmTC_35a94.dir/build.make:78: CMakeFiles/cmTC_35a94.dir/CheckSymbolExists.c.o] Error 1
gmake[1]: Leaving directory '/home/gaugamela/VSCodeProjects/Telos/build/CMakeFiles/CMakeTmp'
gmake: *** [Makefile:127: cmTC_35a94/fast] Error 2


File /home/gaugamela/VSCodeProjects/Telos/build/CMakeFiles/CMakeTmp/CheckSymbolExists.c:
/* */
#include <sys/auxv.h>

int main(int argc, char** argv)
{
  (void)argv;
#ifndef elf_aux_info
  return ((int*)(&elf_aux_info))[argc];
#else
  (void)argc;
  return 0;
#endif
}
Determining if the function iconv_open exists in the iconv failed with the following output:
Change Dir: /home/gaugamela/VSCodeProjects/Telos/build/CMakeFiles/CMakeTmp

Run Build Command(s):/usr/bin/gmake -f Makefile cmTC_48c34/fast && /usr/bin/gmake  -f CMakeFiles/cmTC_48c34.dir/build.make CMakeFiles/cmTC_48c34.dir/build
gmake[1]: Entering directory '/home/gaugamela/VSCodeProjects/Telos/build/CMakeFiles/CMakeTmp'
Building C object CMakeFiles/cmTC_48c34.dir/CheckFunctionExists.c.o
/usr/bin/cc   -idirafter "/home/gaugamela/VSCodeProjects/Telos/lib/SDL2/src/video/khronos" -DCHECK_FUNCTION_EXISTS=iconv_open -o CMakeFiles/cmTC_48c34.dir/CheckFunctionExists.c.o -c /usr/share/cmake-3.22/Modules/CheckFunctionExists.c
Linking C executable cmTC_48c34
/usr/bin/cmake -E cmake_link_script CMakeFiles/cmTC_48c34.dir/link.txt --verbose=1
/usr/bin/cc  -idirafter "/home/gaugamela/VSCodeProjects/Telos/lib/SDL2/src/video/khronos" -DCHECK_FUNCTION_EXISTS=iconv_open -rdynamic CMakeFiles/cmTC_48c34.dir/CheckFunctionExists.c.o -o cmTC_48c34  -liconv 
/usr/bin/ld: cannot find -liconv: No such file or directory
collect2: error: ld returned 1 exit status
gmake[1]: *** [CMakeFiles/cmTC_48c34.dir/build.make:99: cmTC_48c34] Error 1
gmake[1]: Leaving directory '/home/gaugamela/VSCodeProjects/Telos/build/CMakeFiles/CMakeTmp'
gmake: *** [Makefile:127: cmTC_48c34/fast] Error 2



Determining if the alloca exist failed with the following output:
Change Dir: /home/gaugamela/VSCodeProjects/Telos/build/CMakeFiles/CMakeTmp

Run Build Command(s):/usr/bin/gmake -f Makefile cmTC_9ac0d/fast && /usr/bin/gmake  -f CMakeFiles/cmTC_9ac0d.dir/build.make CMakeFiles/cmTC_9ac0d.dir/build
gmake[1]: Entering directory '/home/gaugamela/VSCodeProjects/Telos/build/CMakeFiles/CMakeTmp'
Building C object CMakeFiles/cmTC_9ac0d.dir/CheckSymbolExists.c.o
/usr/bin/cc   -idirafter "/home/gaugamela/VSCodeProjects/Telos/lib/SDL2/src/video/khronos"  -o CMakeFiles/cmTC_9ac0d.dir/CheckSymbolExists.c.o -c /home/gaugamela/VSCodeProjects/Telos/build/CMakeFiles/CMakeTmp/CheckSymbolExists.c
/home/gaugamela/VSCodeProjects/Telos/build/CMakeFiles/CMakeTmp/CheckSymbolExists.c: In function ‘main’:
/home/gaugamela/VSCodeProjects/Telos/build/CMakeFiles/CMakeTmp/CheckSymbolExists.c:8:19: error: ‘alloca’ undeclared (first use in this function); did you mean ‘valloc’?
    8 |   return ((int*)(&alloca))[argc];
      |                   ^~~~~~
      |                   valloc
/home/gaugamela/VSCodeProjects/Telos/build/CMakeFiles/CMakeTmp/CheckSymbolExists.c:8:19: note: each undeclared identifier is reported only once for each function it appears in
gmake[1]: *** [CMakeFiles/cmTC_9ac0d.dir/build.make:78: CMakeFiles/cmTC_9ac0d.dir/CheckSymbolExists.c.o] Error 1
gmake[1]: Leaving directory '/home/gaugamela/VSCodeProjects/Telos/build/CMakeFiles/CMakeTmp'
gmake: *** [Makefile:127: cmTC_9ac0d/fast] Error 2


File /home/gaugamela/VSCodeProjects/Telos/build/CMakeFiles/CMakeTmp/CheckSymbolExists.c:
/* */
#include <malloc.h>

int main(int argc, char** argv)
{
  (void)argv;
#ifndef alloca
  return ((int*)(&alloca))[argc];
#else
  (void)argc;
  return 0;
#endif
}
Determining if the include file alsa/asoundlib.h exists failed with the following output:
Change Dir: /home/gaugamela/VSCodeProjects/Telos/build/CMakeFiles/CMakeTmp

Run Build Command(s):/usr/bin/gmake -f Makefile cmTC_44aa9/fast && /usr/bin/gmake  -f CMakeFiles/cmTC_44aa9.dir/build.make CMakeFiles/cmTC_44aa9.dir/build
gmake[1]: Entering directory '/home/gaugamela/VSCodeProjects/Telos/build/CMakeFiles/CMakeTmp'
Building C object CMakeFiles/cmTC_44aa9.dir/CheckIncludeFile.c.o
/usr/bin/cc   -idirafter "/home/gaugamela/VSCodeProjects/Telos/lib/SDL2/src/video/khronos"  -o CMakeFiles/cmTC_44aa9.dir/CheckIncludeFile.c.o -c /home/gaugamela/VSCodeProjects/Telos/build/CMakeFiles/CMakeTmp/CheckIncludeFile.c
/home/gaugamela/VSCodeProjects/Telos/build/CMakeFiles/CMakeTmp/CheckIncludeFile.c:1:10: fatal error: alsa/asoundlib.h: No such file or directory
    1 | #include <alsa/asoundlib.h>
      |          ^~~~~~~~~~~~~~~~~~
compilation terminated.
gmake[1]: *** [CMakeFiles/cmTC_44aa9.dir/build.make:78: CMakeFiles/cmTC_44aa9.dir/CheckIncludeFile.c.o] Error 1
gmake[1]: Leaving directory '/home/gaugamela/VSCodeProjects/Telos/build/CMakeFiles/CMakeTmp'
gmake: *** [Makefile:127: cmTC_44aa9/fast] Error 2



Determining if the include file audio/audiolib.h exists failed with the following output:
Change Dir: /home/gaugamela/VSCodeProjects/Telos/build/CMakeFiles/CMakeTmp

Run Build Command(s):/usr/bin/gmake -f Makefile cmTC_7c9ac/fast && /usr/bin/gmake  -f CMakeFiles/cmTC_7c9ac.dir/build.make CMakeFiles/cmTC_7c9ac.dir/build
gmake[1]: Entering directory '/home/gaugamela/VSCodeProjects/Telos/build/CMakeFiles/CMakeTmp'
Building C object CMakeFiles/cmTC_7c9ac.dir/CheckIncludeFile.c.o
/usr/bin/cc   -idirafter "/home/gaugamela/VSCodeProjects/Telos/lib/SDL2/src/video/khronos"  -o CMakeFiles/cmTC_7c9ac.dir/CheckIncludeFile.c.o -c /home/gaugamela/VSCodeProjects/Telos/build/CMakeFiles/CMakeTmp/CheckIncludeFile.c
/home/gaugamela/VSCodeProjects/Telos/build/CMakeFiles/CMakeTmp/CheckIncludeFile.c:1:10: fatal error: audio/audiolib.h: No such file or directory
    1 | #include <audio/audiolib.h>
      |          ^~~~~~~~~~~~~~~~~~
compilation terminated.
gmake[1]: *** [CMakeFiles/cmTC_7c9ac.dir/build.make:78: CMakeFiles/cmTC_7c9ac.dir/CheckIncludeFile.c.o] Error 1
gmake[1]: Leaving directory '/home/gaugamela/VSCodeProjects/Telos/build/CMakeFiles/CMakeTmp'
gmake: *** [Makefile:127: cmTC_7c9ac/fast] Error 2



Determining if the include file sndio.h exists failed with the following output:
Change Dir: /home/gaugamela/VSCodeProjects/Telos/build/CMakeFiles/CMakeTmp

Run Build Command(s):/usr/bin/gmake -f Makefile cmTC_f87cb/fast && /usr/bin/gmake  -f CMakeFiles/cmTC_f87cb.dir/build.make CMakeFiles/cmTC_f87cb.dir/build
gmake[1]: Entering directory '/home/gaugamela/VSCodeProjects/Telos/build/CMakeFiles/CMakeTmp'
Building C object CMakeFiles/cmTC_f87cb.dir/CheckIncludeFile.c.o
/usr/bin/cc   -idirafter "/home/gaugamela/VSCodeProjects/Telos/lib/SDL2/src/video/khronos"  -o CMakeFiles/cmTC_f87cb.dir/CheckIncludeFile.c.o -c /home/gaugamela/VSCodeProjects/Telos/build/CMakeFiles/CMakeTmp/CheckIncludeFile.c
/home/gaugamela/VSCodeProjects/Telos/build/CMakeFiles/CMakeTmp/CheckIncludeFile.c:1:10: fatal error: sndio.h: No such file or directory
    1 | #include <sndio.h>
      |          ^~~~~~~~~
compilation terminated.
gmake[1]: *** [CMakeFiles/cmTC_f87cb.dir/build.make:78: CMakeFiles/cmTC_f87cb.dir/CheckIncludeFile.c.o] Error 1
gmake[1]: Leaving directory '/home/gaugamela/VSCodeProjects/Telos/build/CMakeFiles/CMakeTmp'
gmake: *** [Makefile:127: cmTC_f87cb/fast] Error 2



Performing C SOURCE FILE Test HAVE_RPI failed with the following output:
Change Dir: /home/gaugamela/VSCodeProjects/Telos/build/CMakeFiles/CMakeTmp

Run Build Command(s):/usr/bin/gmake -f Makefile cmTC_b938d/fast && /usr/bin/gmake  -f CMakeFiles/cmTC_b938d.dir/build.make CMakeFiles/cmTC_b938d.dir/build
gmake[1]: Entering directory '/home/gaugamela/VSCodeProjects/Telos/build/CMakeFiles/CMakeTmp'
Building C object CMakeFiles/cmTC_b938d.dir/src.c.o
/usr/bin/cc -DHAVE_RPI  -idirafter "/home/gaugamela/VSCodeProjects/Telos/lib/SDL2/src/video/khronos"   -I/opt/vc/include -I/opt/vc/include/interface/vcos/pthreads -I/opt/vc/include/interface/vmcs_host/linux/  -L/opt/vc/lib -o CMakeFiles/cmTC_b938d.dir/src.c.o -c /home/gaugamela/VSCodeProjects/Telos/build/CMakeFiles/CMakeTmp/src.c
/home/gaugamela/VSCodeProjects/Telos/build/CMakeFiles/CMakeTmp/src.c:2:18: fatal error: bcm_host.h: No such file or directory
    2 |         #include <bcm_host.h>
      |                  ^~~~~~~~~~~~
compilation terminated.
gmake[1]: *** [CMakeFiles/cmTC_b938d.dir/build.make:78: CMakeFiles/cmTC_b938d.dir/src.c.o] Error 1
gmake[1]: Leaving directory '/home/gaugamela/VSCodeProjects/Telos/build/CMakeFiles/CMakeTmp'
gmake: *** [Makefile:127: cmTC_b938d/fast] Error 2


Source file was:

        #include <bcm_host.h>
        #include <EGL/eglplatform.h>
        int main(int argc, char **argv) {
          EGL_DISPMANX_WINDOW_T window;
          bcm_host_init();
        }
Performing C SOURCE FILE Test HAVE_OPENGLES_V1 failed with the following output:
Change Dir: /home/gaugamela/VSCodeProjects/Telos/build/CMakeFiles/CMakeTmp

Run Build Command(s):/usr/bin/gmake -f Makefile cmTC_70b36/fast && /usr/bin/gmake  -f CMakeFiles/cmTC_70b36.dir/build.make CMakeFiles/cmTC_70b36.dir/build
gmake[1]: Entering directory '/home/gaugamela/VSCodeProjects/Telos/build/CMakeFiles/CMakeTmp'
Building C object CMakeFiles/cmTC_70b36.dir/src.c.o
/usr/bin/cc -DHAVE_OPENGLES_V1  -idirafter "/home/gaugamela/VSCodeProjects/Telos/lib/SDL2/src/video/khronos"  -o CMakeFiles/cmTC_70b36.dir/src.c.o -c /home/gaugamela/VSCodeProjects/Telos/build/CMakeFiles/CMakeTmp/src.c
/home/gaugamela/VSCodeProjects/Telos/build/CMakeFiles/CMakeTmp/src.c:2:18: fatal error: GLES/gl.h: No such file or directory
    2 |         #include <GLES/gl.h>
      |                  ^~~~~~~~~~~
compilation terminated.
gmake[1]: *** [CMakeFiles/cmTC_70b36.dir/build.make:78: CMakeFiles/cmTC_70b36.dir/src.c.o] Error 1
gmake[1]: Leaving directory '/home/gaugamela/VSCodeProjects/Telos/build/CMakeFiles/CMakeTmp'
gmake: *** [Makefile:127: cmTC_70b36/fast] Error 2


Source file was:

        #include <GLES/gl.h>
        #include <GLES/glext.h>
        int main (int argc, char** argv) { return 0; }
Performing C SOURCE FILE Test HAVE_VIVANTE_VDK failed with the following output:
Change Dir: /home/gaugamela/VSCodeProjects/Telos/build/CMakeFiles/CMakeTmp

Run Build Command(s):/usr/bin/gmake -f Makefile cmTC_e0d2f/fast && /usr/bin/gmake  -f CMakeFiles/cmTC_e0d2f.dir/build.make CMakeFiles/cmTC_e0d2f.dir/build
gmake[1]: Entering directory '/home/gaugamela/VSCodeProjects/Telos/build/CMakeFiles/CMakeTmp'
Building C object CMakeFiles/cmTC_e0d2f.dir/src.c.o
/usr/bin/cc -DHAVE_VIVANTE_VDK  -idirafter "/home/gaugamela/VSCodeProjects/Telos/lib/SDL2/src/video/khronos"  -o CMakeFiles/cmTC_e0d2f.dir/src.c.o -c /home/gaugamela/VSCodeProjects/Telos/build/CMakeFiles/CMakeTmp/src.c
/home/gaugamela/VSCodeProjects/Telos/build/CMakeFiles/CMakeTmp/src.c:2:18: fatal error: gc_vdk.h: No such file or directory
    2 |         #include <gc_vdk.h>
      |                  ^~~~~~~~~~
compilation terminated.
gmake[1]: *** [CMakeFiles/cmTC_e0d2f.dir/build.make:78: CMakeFiles/cmTC_e0d2f.dir/src.c.o] Error 1
gmake[1]: Leaving directory '/home/gaugamela/VSCodeProjects/Telos/build/CMakeFiles/CMakeTmp'
gmake: *** [Makefile:127: cmTC_e0d2f/fast] Error 2


Source file was:

        #include <gc_vdk.h>
        int main(int argc, char** argv) { return 0; }
Performing C SOURCE FILE Test HAVE_VIVANTE_EGL_FB failed with the following output:
Change Dir: /home/gaugamela/VSCodeProjects/Telos/build/CMakeFiles/CMakeTmp

Run Build Command(s):/usr/bin/gmake -f Makefile cmTC_749c2/fast && /usr/bin/gmake  -f CMakeFiles/cmTC_749c2.dir/build.make CMakeFiles/cmTC_749c2.dir/build
gmake[1]: Entering directory '/home/gaugamela/VSCodeProjects/Telos/build/CMakeFiles/CMakeTmp'
Building C object CMakeFiles/cmTC_749c2.dir/src.c.o
/usr/bin/cc -DHAVE_VIVANTE_EGL_FB  -idirafter "/home/gaugamela/VSCodeProjects/Telos/lib/SDL2/src/video/khronos"  -o CMakeFiles/cmTC_749c2.dir/src.c.o -c /home/gaugamela/VSCodeProjects/Telos/build/CMakeFiles/CMakeTmp/src.c
/home/gaugamela/VSCodeProjects/Telos/build/CMakeFiles/CMakeTmp/src.c:4:18: fatal error: EGL/eglvivante.h: No such file or directory
    4 |         #include <EGL/eglvivante.h>
      |                  ^~~~~~~~~~~~~~~~~~
compilation terminated.
gmake[1]: *** [CMakeFiles/cmTC_749c2.dir/build.make:78: CMakeFiles/cmTC_749c2.dir/src.c.o] Error 1
gmake[1]: Leaving directory '/home/gaugamela/VSCodeProjects/Telos/build/CMakeFiles/CMakeTmp'
gmake: *** [Makefile:127: cmTC_749c2/fast] Error 2


Source file was:

        #define LINUX
        #define EGL_API_FB
        #include <EGL/eglvivante.h>
        int main(int argc, char** argv) { return 0; }
Determining if the include file libudev.h exists failed with the following output:
Change Dir: /home/gaugamela/VSCodeProjects/Telos/build/CMakeFiles/CMakeTmp

Run Build Command(s):/usr/bin/gmake -f Makefile cmTC_96566/fast && /usr/bin/gmake  -f CMakeFiles/cmTC_96566.dir/build.make CMakeFiles/cmTC_96566.dir/build
gmake[1]: Entering directory '/home/gaugamela/VSCodeProjects/Telos/build/CMakeFiles/CMakeTmp'
Building C object CMakeFiles/cmTC_96566.dir/CheckIncludeFile.c.o
/usr/bin/cc   -idirafter "/home/gaugamela/VSCodeProjects/Telos/lib/SDL2/src/video/khronos"  -o CMakeFiles/cmTC_96566.dir/CheckIncludeFile.c.o -c /home/gaugamela/VSCodeProjects/Telos/build/CMakeFiles/CMakeTmp/CheckIncludeFile.c
/home/gaugamela/VSCodeProjects/Telos/build/CMakeFiles/CMakeTmp/CheckIncludeFile.c:1:10: fatal error: libudev.h: No such file or directory
    1 | #include <libudev.h>
      |          ^~~~~~~~~~~
compilation terminated.
gmake[1]: *** [CMakeFiles/cmTC_96566.dir/build.make:78: CMakeFiles/cmTC_96566.dir/CheckIncludeFile.c.o] Error 1
gmake[1]: Leaving directory '/home/gaugamela/VSCodeProjects/Telos/build/CMakeFiles/CMakeTmp'
gmake: *** [Makefile:127: cmTC_96566/fast] Error 2



Determining if files pthread_np.h exist failed with the following output:
Change Dir: /home/gaugamela/VSCodeProjects/Telos/build/CMakeFiles/CMakeTmp

Run Build Command(s):/usr/bin/gmake -f Makefile cmTC_8ba03/fast && /usr/bin/gmake  -f CMakeFiles/cmTC_8ba03.dir/build.make CMakeFiles/cmTC_8ba03.dir/build
gmake[1]: Entering directory '/home/gaugamela/VSCodeProjects/Telos/build/CMakeFiles/CMakeTmp'
Building C object CMakeFiles/cmTC_8ba03.dir/HAVE_PTHREAD_NP_H.c.o
/usr/bin/cc   -idirafter "/home/gaugamela/VSCodeProjects/Telos/lib/SDL2/src/video/khronos"  -D_REENTRANT -pthread -o CMakeFiles/cmTC_8ba03.dir/HAVE_PTHREAD_NP_H.c.o -c /home/gaugamela/VSCodeProjects/Telos/build/CMakeFiles/CheckIncludeFiles/HAVE_PTHREAD_NP_H.c
/home/gaugamela/VSCodeProjects/Telos/build/CMakeFiles/CheckIncludeFiles/HAVE_PTHREAD_NP_H.c:2:10: fatal error: pthread_np.h: No such file or directory
    2 | #include <pthread_np.h>
      |          ^~~~~~~~~~~~~~
compilation terminated.
gmake[1]: *** [CMakeFiles/cmTC_8ba03.dir/build.make:78: CMakeFiles/cmTC_8ba03.dir/HAVE_PTHREAD_NP_H.c.o] Error 1
gmake[1]: Leaving directory '/home/gaugamela/VSCodeProjects/Telos/build/CMakeFiles/CMakeTmp'
gmake: *** [Makefile:127: cmTC_8ba03/fast] Error 2


Source:
/* */
#include <pthread_np.h>


int main(void){return 0;}

Determining if the include file samplerate.h exists failed with the following output:
Change Dir: /home/gaugamela/VSCodeProjects/Telos/build/CMakeFiles/CMakeTmp

Run Build Command(s):/usr/bin/gmake -f Makefile cmTC_e4cac/fast && /usr/bin/gmake  -f CMakeFiles/cmTC_e4cac.dir/build.make CMakeFiles/cmTC_e4cac.dir/build
gmake[1]: Entering directory '/home/gaugamela/VSCodeProjects/Telos/build/CMakeFiles/CMakeTmp'
Building C object CMakeFiles/cmTC_e4cac.dir/CheckIncludeFile.c.o
/usr/bin/cc   -idirafter "/home/gaugamela/VSCodeProjects/Telos/lib/SDL2/src/video/khronos" -DHAVE_LINUX_VERSION_H  -o CMakeFiles/cmTC_e4cac.dir/CheckIncludeFile.c.o -c /home/gaugamela/VSCodeProjects/Telos/build/CMakeFiles/CMakeTmp/CheckIncludeFile.c
/home/gaugamela/VSCodeProjects/Telos/build/CMakeFiles/CMakeTmp/CheckIncludeFile.c:1:10: fatal error: samplerate.h: No such file or directory
    1 | #include <samplerate.h>
      |          ^~~~~~~~~~~~~~
compilation terminated.
gmake[1]: *** [CMakeFiles/cmTC_e4cac.dir/build.make:78: CMakeFiles/cmTC_e4cac.dir/CheckIncludeFile.c.o] Error 1
gmake[1]: Leaving directory '/home/gaugamela/VSCodeProjects/Telos/build/CMakeFiles/CMakeTmp'
gmake: *** [Makefile:127: cmTC_e4cac/fast] Error 2



